<?xml version="1.0" encoding="UTF-8"?>
<!-- Generated by org.testng.reporters.JUnitReportReporter -->
<testsuite hostname="LAPTOP-B44045F1" failures="0" tests="2" name="pac1.ContactTest" time="0.047" errors="0" timestamp="2024-05-30T13:01:37 IST" skipped="0">
  <testcase classname="pac1.ContactTest" name="ModifyeContactTest" time="0.041"/>
  <system-out/>
  <testcase classname="pac1.ContactTest" name="createContactTest" time="0.006"/>
  <system-out/>
</testsuite> <!-- pac1.ContactTest -->
